{"message":"Connected","level":"info"}
{"message":"Logged in as: ","level":"info"}
{"message":"clanstats - (595576031428214816)","level":"info"}
{"message":"Connected","level":"info"}
{"message":"Logged in as: ","level":"info"}
{"message":"clanstats - (595576031428214816)","level":"info"}
{"message":"Connected","level":"info"}
{"message":"Logged in as: ","level":"info"}
{"message":"clanstats - (595576031428214816)","level":"info"}
/home/jquintanilha/Documents/DiscordBots/clanstats/updateContent.js:34
            for (let i = data.items.length - 1; i >= 0; i--) {
                                    ^

TypeError: Cannot read property 'length' of undefined
    at Request._callback (/home/jquintanilha/Documents/DiscordBots/clanstats/updateContent.js:34:37)
    at Request.self.callback (/home/jquintanilha/node_modules/request/request.js:185:22)
    at Request.emit (events.js:197:13)
    at Request.<anonymous> (/home/jquintanilha/node_modules/request/request.js:1161:10)
    at Request.emit (events.js:197:13)
    at IncomingMessage.<anonymous> (/home/jquintanilha/node_modules/request/request.js:1083:12)
    at Object.onceWrapper (events.js:285:20)
    at IncomingMessage.emit (events.js:202:15)
    at endReadableNT (_stream_readable.js:1132:12)
    at processTicksAndRejections (internal/process/next_tick.js:76:17)
{"message":"Connected","level":"info"}
{"message":"Logged in as: ","level":"info"}
{"message":"clanstats - (595576031428214816)","level":"info"}
{"message":"Connected","level":"info"}
{"message":"Logged in as: ","level":"info"}
{"message":"clanstats - (595576031428214816)","level":"info"}
{"message":"Connected","level":"info"}
{"message":"Logged in as: ","level":"info"}
{"message":"clanstats - (595576031428214816)","level":"info"}
